<?xml version="1.0" encoding="UTF-8"?>
<!-- Generated by org.testng.reporters.JUnitXMLReporter -->
<testsuite hostname="Admins-MBP-2.Dlink" ignored="0" name="Test" tests="3" failures="0" timestamp="07 Mar 2020 06:10:02 GMT" time="41.414" errors="0">
  <testcase name="loginCase" time="6.365" classname="testScripts.TC_LGN_01"/>
  <testcase name="loginCase" time="6.634" classname="testScripts.TC_LGN_02"/>
  <testcase name="loginCase" time="5.988" classname="testScripts.TC_LGN_03"/>
</testsuite> <!-- Test -->
