<?xml version="1.0" encoding="UTF-8"?>
<testng-results skipped="0" failed="0" ignored="0" total="1" passed="1">
  <reporter-output>
  </reporter-output>
  <suite name="Default suite" duration-ms="15990" started-at="2020-03-07T06:36:25Z" finished-at="2020-03-07T06:36:41Z">
    <groups>
    </groups>
    <test name="Default test" duration-ms="15990" started-at="2020-03-07T06:36:25Z" finished-at="2020-03-07T06:36:41Z">
      <class name="testScripts.TC_LGN_02">
        <test-method status="PASS" signature="setup()[pri:0, instance:testScripts.TC_LGN_02@401e7803]" name="setup" is-config="true" duration-ms="6273" started-at="2020-03-07T06:36:25Z" finished-at="2020-03-07T06:36:31Z">
          <reporter-output>
          </reporter-output>
        </test-method> <!-- setup -->
        <test-method status="PASS" signature="loginCase()[pri:0, instance:testScripts.TC_LGN_02@401e7803]" name="loginCase" duration-ms="7383" started-at="2020-03-07T06:36:31Z" finished-at="2020-03-07T06:36:38Z">
          <reporter-output>
          </reporter-output>
        </test-method> <!-- loginCase -->
        <test-method status="PASS" signature="teardown()[pri:0, instance:testScripts.TC_LGN_02@401e7803]" name="teardown" is-config="true" duration-ms="2310" started-at="2020-03-07T06:36:38Z" finished-at="2020-03-07T06:36:41Z">
          <reporter-output>
          </reporter-output>
        </test-method> <!-- teardown -->
      </class> <!-- testScripts.TC_LGN_02 -->
    </test> <!-- Default test -->
  </suite> <!-- Default suite -->
</testng-results>
